<component name="libraryTable">
  <library name="junit-4">
    <CLASSES>
      <root url="jar://$PROJECT_DIR$/lib/junit-4.12/hamcrest-core-1.3.jar!/" />
      <root url="jar://$PROJECT_DIR$/lib/junit-4.12/junit-4.12.jar!/" />
    </CLASSES>
    <JAVADOC />
    <SOURCES />
  </library>
</component>